<?xml version="1.0" encoding="UTF-8"?>
<!-- Generated by org.testng.reporters.JUnitReportReporter -->
<testsuite hostname="DESKTOP-T7EV659" failures="0" tests="1" name="testngFlags.Class2" time="9.946" errors="0" timestamp="2022-06-14T09:51:02 IST" skipped="0">
  <testcase classname="testngFlags.Class2" name="f" time="9.946"/>
  <system-out/>
</testsuite> <!-- testngFlags.Class2 -->
