<?xml version="1.0" encoding="UTF-8"?>
<!-- Generated by org.testng.reporters.JUnitReportReporter -->
<testsuite hostname="DESKTOP-T7EV659" failures="0" tests="1" name="testngFlags.DescriptionFlag" time="0.015" errors="0" timestamp="2022-06-09T18:48:43 IST" skipped="0">
  <testcase classname="testngFlags.DescriptionFlag" name="login" time="0.015"/>
  <system-out>
    <![CDATA[Login is performed]]>
  </system-out>
</testsuite> <!-- testngFlags.DescriptionFlag -->
