<?xml version="1.0" encoding="UTF-8"?>
<!-- Generated by org.testng.reporters.JUnitReportReporter -->
<testsuite hostname="DESKTOP-T7EV659" failures="0" tests="9" name="testngFlags.flagDemo" time="0.033" errors="0" timestamp="2022-06-09T19:05:21 IST" skipped="0">
  <testcase classname="testngFlags.flagDemo" name="g" time="0.002"/>
  <system-out>
    <![CDATA[g]]>
  </system-out>
  <testcase classname="testngFlags.flagDemo" name="p" time="0.002"/>
  <system-out>
    <![CDATA[p]]>
  </system-out>
  <testcase classname="testngFlags.flagDemo" name="b" time="0.002"/>
  <system-out>
    <![CDATA[b]]>
  </system-out>
  <testcase classname="testngFlags.flagDemo" name="h" time="0.003"/>
  <system-out>
    <![CDATA[h]]>
  </system-out>
  <testcase classname="testngFlags.flagDemo" name="m" time="0.002"/>
  <system-out>
    <![CDATA[m]]>
  </system-out>
  <testcase classname="testngFlags.flagDemo" name="a" time="0.017"/>
  <system-out>
    <![CDATA[a]]>
  </system-out>
  <testcase classname="testngFlags.flagDemo" name="k" time="0.001"/>
  <system-out>
    <![CDATA[k]]>
  </system-out>
  <testcase classname="testngFlags.flagDemo" name="l" time="0.002"/>
  <system-out>
    <![CDATA[l]]>
  </system-out>
  <testcase classname="testngFlags.flagDemo" name="z" time="0.002"/>
  <system-out>
    <![CDATA[z]]>
  </system-out>
</testsuite> <!-- testngFlags.flagDemo -->
