<?xml version="1.0" encoding="UTF-8"?>
<!-- Generated by org.testng.reporters.JUnitReportReporter -->
<testsuite hostname="DESKTOP-T7EV659" failures="0" tests="1" name="testNGPack.NewTest2" time="0.029" errors="0" timestamp="2022-06-07T11:21:35 IST" skipped="0">
  <testcase classname="testNGPack.NewTest2" name="f" time="0.029"/>
  <system-out>
    <![CDATA[abc]]>
  </system-out>
</testsuite> <!-- testNGPack.NewTest2 -->
