<?xml version="1.0" encoding="UTF-8"?>
<!-- Generated by org.testng.reporters.JUnitReportReporter -->
<testsuite hostname="DESKTOP-T7EV659" failures="0" tests="1" name="testngFlags.prog2" time="0.015" errors="0" timestamp="2022-06-09T19:28:44 IST" skipped="0">
  <testcase classname="testngFlags.prog2" name="f" time="0.015"/>
  <system-out/>
</testsuite> <!-- testngFlags.prog2 -->
