<?xml version="1.0" encoding="UTF-8"?>
<!-- Generated by org.testng.reporters.JUnitReportReporter -->
<testsuite hostname="DESKTOP-T7EV659" failures="0" tests="1" name="testngFlags.Class1" time="11.583" errors="0" timestamp="2022-06-09T18:36:13 IST" skipped="0">
  <testcase classname="testngFlags.Class1" name="f" time="11.583"/>
  <system-out/>
</testsuite> <!-- testngFlags.Class1 -->
