<?xml version="1.0" encoding="UTF-8"?>
<!-- Generated by org.testng.reporters.JUnitReportReporter -->
<testsuite hostname="DESKTOP-T7EV659" failures="0" tests="3" name="testngFlags.depend" time="0.019" errors="0" timestamp="2022-06-09T19:35:55 IST" skipped="0">
  <testcase classname="testngFlags.depend" name="logout" time="0.001"/>
  <system-out>
    <![CDATA[logout from  actitime]]>
  </system-out>
  <testcase classname="testngFlags.depend" name="createContact" time="0.001"/>
  <system-out>
    <![CDATA[Create contact]]>
  </system-out>
  <testcase classname="testngFlags.depend" name="login" time="0.017"/>
  <system-out>
    <![CDATA[login to actitime]]>
  </system-out>
</testsuite> <!-- testngFlags.depend -->
