<?xml version="1.0" encoding="UTF-8"?>
<!-- Generated by org.testng.reporters.JUnitReportReporter -->
<testsuite hostname="DESKTOP-T7EV659" failures="0" tests="2" name="testAnnotations.NewTest" time="0.017" errors="0" timestamp="2022-06-08T20:54:17 IST" skipped="0">
  <testcase classname="testAnnotations.NewTest" name="test2" time="0.007"/>
  <system-out>
    <![CDATA[Test case 2]]>
  </system-out>
  <testcase classname="testAnnotations.NewTest" name="test1" time="0.010"/>
  <system-out>
    <![CDATA[Test case 1]]>
  </system-out>
</testsuite> <!-- testAnnotations.NewTest -->
