<?xml version="1.0" encoding="UTF-8"?>
<!-- Generated by org.testng.reporters.JUnitReportReporter -->
<testsuite hostname="DESKTOP-T7EV659" failures="0" tests="2" name="testngFlags.prog1" time="0.016" errors="0" timestamp="2022-06-09T19:27:08 IST" skipped="0">
  <testcase classname="testngFlags.prog1" name="method2" time="0.002"/>
  <system-out>
    <![CDATA[1  thread id
method2]]>
  </system-out>
  <testcase classname="testngFlags.prog1" name="method1" time="0.014"/>
  <system-out>
    <![CDATA[1  thread id
method1]]>
  </system-out>
</testsuite> <!-- testngFlags.prog1 -->
