<?xml version="1.0" encoding="UTF-8"?>
<!-- Generated by org.testng.reporters.JUnitReportReporter -->
<testsuite hostname="DESKTOP-T7EV659" failures="0" tests="5" name="testAnnotations.DataProviderCode" time="25.514" errors="0" timestamp="2022-06-13T09:00:58 IST" skipped="0">
  <testcase classname="testAnnotations.DataProviderCode" name="loginToActiTime" time="7.934"/>
  <system-out/>
  <testcase classname="testAnnotations.DataProviderCode" name="loginToActiTime" time="4.223"/>
  <system-out/>
  <testcase classname="testAnnotations.DataProviderCode" name="loginToActiTime" time="4.444"/>
  <system-out/>
  <testcase classname="testAnnotations.DataProviderCode" name="loginToActiTime" time="4.469"/>
  <system-out/>
  <testcase classname="testAnnotations.DataProviderCode" name="loginToActiTime" time="4.444"/>
  <system-out/>
</testsuite> <!-- testAnnotations.DataProviderCode -->
