<?xml version="1.0" encoding="UTF-8"?>
<!-- Generated by org.testng.reporters.JUnitReportReporter -->
<testsuite hostname="DESKTOP-T7EV659" failures="0" tests="1" name="testngFlags.Class3" time="7.801" errors="0" timestamp="2022-06-09T19:43:36 IST" skipped="0">
  <testcase classname="testngFlags.Class3" name="f" time="7.801"/>
  <system-out/>
</testsuite> <!-- testngFlags.Class3 -->
