<?xml version="1.0" encoding="UTF-8"?>
<!-- Generated by org.testng.reporters.JUnitReportReporter -->
<testsuite hostname="DESKTOP-T7EV659" failures="0" tests="3" name="testAnnotations.TestValidLogin" time="30.817" errors="0" timestamp="2022-06-08T21:00:57 IST" skipped="0">
  <testcase classname="testAnnotations.TestValidLogin" name="search3" time="11.266"/>
  <system-out/>
  <testcase classname="testAnnotations.TestValidLogin" name="search2" time="8.945"/>
  <system-out/>
  <testcase classname="testAnnotations.TestValidLogin" name="search1" time="10.606"/>
  <system-out/>
</testsuite> <!-- testAnnotations.TestValidLogin -->
