<?xml version="1.0" encoding="UTF-8"?>
<!-- Generated by org.testng.reporters.JUnitReportReporter -->
<testsuite hostname="DESKTOP-T7EV659" failures="0" tests="1" name="testngFlags.Class4" time="7.512" errors="0" timestamp="2022-06-09T18:46:11 IST" skipped="0">
  <testcase classname="testngFlags.Class4" name="f" time="7.512"/>
  <system-out/>
</testsuite> <!-- testngFlags.Class4 -->
