<?xml version="1.0" encoding="UTF-8"?>
<!-- Generated by org.testng.reporters.JUnitReportReporter -->
<testsuite hostname="DESKTOP-T7EV659" failures="0" tests="2" name="testngFlags.enabledFlag" time="0.014" errors="0" timestamp="2022-06-09T18:53:23 IST" skipped="1">
  <testcase classname="testngFlags.enabledFlag" name="logout" time="0.014"/>
  <system-out>
    <![CDATA[logout performed]]>
  </system-out>
  <testcase classname="testngFlags.enabledFlag" name="login">
    <skipped/>
  </testcase> <!-- login -->
  <system-out/>
</testsuite> <!-- testngFlags.enabledFlag -->
